# JRE version: Java(TM) SE Runtime Environment 18.9 (11.0.18+9) (build 11.0.18+9-LTS-195)
# Java VM: Java HotSpot(TM) 64-Bit Server VM 18.9 (11.0.18+9-LTS-195, mixed mode, tiered, compressed oops, g1 gc, windows-amd64)
Heap:
 garbage-first heap   total 328704K, used 283244K [0x0000000080000000, 0x0000000100000000)
  region size 1024K, 3 young (3072K), 2 survivors (2048K)
 Metaspace       used 140446K, capacity 145670K, committed 145920K, reserved 643072K
  class space    used 17662K, capacity 19652K, committed 19712K, reserved 516096K
GC Heap History (10 events):
Event: 336.850 GC heap before
{Heap before GC invocations=152 (full 0):
 garbage-first heap   total 328704K, used 284991K [0x0000000080000000, 0x0000000100000000)
  region size 1024K, 29 young (29696K), 3 survivors (3072K)
 Metaspace       used 139151K, capacity 144384K, committed 144512K, reserved 641024K
  class space    used 17605K, capacity 19573K, committed 19584K, reserved 516096K
}
Event: 336.859 GC heap after
{Heap after GC invocations=153 (full 0):
 garbage-first heap   total 328704K, used 264924K [0x0000000080000000, 0x0000000100000000)
  region size 1024K, 4 young (4096K), 4 survivors (4096K)
 Metaspace       used 139151K, capacity 144384K, committed 144512K, reserved 641024K
  class space    used 17605K, capacity 19573K, committed 19584K, reserved 516096K
}
Event: 337.674 GC heap before
{Heap before GC invocations=153 (full 0):
 garbage-first heap   total 328704K, used 283356K [0x0000000080000000, 0x0000000100000000)
  region size 1024K, 23 young (23552K), 4 survivors (4096K)
 Metaspace       used 139310K, capacity 144532K, committed 144768K, reserved 643072K
  class space    used 17615K, capacity 19579K, committed 19584K, reserved 516096K
}
Event: 337.688 GC heap after
{Heap after GC invocations=154 (full 0):
 garbage-first heap   total 328704K, used 270185K [0x0000000080000000, 0x0000000100000000)
  region size 1024K, 3 young (3072K), 3 survivors (3072K)
 Metaspace       used 139310K, capacity 144532K, committed 144768K, reserved 643072K
  class space    used 17615K, capacity 19579K, committed 19584K, reserved 516096K
}
Event: 340.132 GC heap before
{Heap before GC invocations=154 (full 0):
 garbage-first heap   total 328704K, used 285545K [0x0000000080000000, 0x0000000100000000)
  region size 1024K, 18 young (18432K), 3 survivors (3072K)
 Metaspace       used 139876K, capacity 145089K, committed 145408K, reserved 643072K
  class space    used 17643K, capacity 19631K, committed 19712K, reserved 516096K
}
Event: 340.149 GC heap after
{Heap after GC invocations=155 (full 0):
 garbage-first heap   total 328704K, used 273327K [0x0000000080000000, 0x0000000100000000)
  region size 1024K, 3 young (3072K), 3 survivors (3072K)
 Metaspace       used 139876K, capacity 145089K, committed 145408K, reserved 643072K
  class space    used 17643K, capacity 19631K, committed 19712K, reserved 516096K
}
Event: 341.698 GC heap before
{Heap before GC invocations=155 (full 0):
 garbage-first heap   total 328704K, used 286639K [0x0000000080000000, 0x0000000100000000)
  region size 1024K, 16 young (16384K), 3 survivors (3072K)
 Metaspace       used 140279K, capacity 145509K, committed 145664K, reserved 643072K
  class space    used 17653K, capacity 19642K, committed 19712K, reserved 516096K
}
Event: 341.708 GC heap after
{Heap after GC invocations=156 (full 0):
 garbage-first heap   total 328704K, used 274054K [0x0000000080000000, 0x0000000100000000)
  region size 1024K, 1 young (1024K), 1 survivors (1024K)
 Metaspace       used 140279K, capacity 145509K, committed 145664K, reserved 643072K
  class space    used 17653K, capacity 19642K, committed 19712K, reserved 516096K
}
Event: 342.543 GC heap before
{Heap before GC invocations=156 (full 0):
 garbage-first heap   total 328704K, used 289414K [0x0000000080000000, 0x0000000100000000)
  region size 1024K, 16 young (16384K), 1 survivors (1024K)
 Metaspace       used 140416K, capacity 145605K, committed 145920K, reserved 643072K
  class space    used 17662K, capacity 19652K, committed 19712K, reserved 516096K
}
Event: 342.551 GC heap after
{Heap after GC invocations=157 (full 0):
 garbage-first heap   total 328704K, used 276320K [0x0000000080000000, 0x0000000100000000)
  region size 1024K, 2 young (2048K), 2 survivors (2048K)
 Metaspace       used 140416K, capacity 145605K, committed 145920K, reserved 643072K
  class space    used 17662K, capacity 19652K, committed 19712K, reserved 516096K
}

